<?xml version="1.0" encoding="UTF-8"?>
<!-- Generated by org.testng.reporters.JUnitReportReporter -->
<testsuite hostname="HR-47" failures="0" tests="2" name="QAclick2.RestAssuredTest" time="0.004" errors="0" timestamp="2022-10-11T16:09:41 IST" skipped="0">
  <testcase classname="QAclick2.RestAssuredTest" name="nativeautomation" time="0.001"/>
  <system-out/>
  <testcase classname="QAclick2.RestAssuredTest" name="setupandroid" time="0.003"/>
  <system-out/>
</testsuite> <!-- QAclick2.RestAssuredTest -->
