<?xml version="1.0" encoding="UTF-8"?>
<!-- Generated by org.testng.reporters.JUnitReportReporter -->
<testsuite hostname="HR-47" failures="0" tests="2" name="QAclick2.AppiumTest" time="0.004" errors="0" timestamp="2022-10-11T16:09:41 IST" skipped="0">
  <testcase classname="QAclick2.AppiumTest" name="deleteTwitter" time="0.002"/>
  <system-out/>
  <testcase classname="QAclick2.AppiumTest" name="fbautomation" time="0.002"/>
  <system-out/>
</testsuite> <!-- QAclick2.AppiumTest -->
