<?xml version="1.0" encoding="UTF-8"?>
<!-- Generated by org.testng.reporters.JUnitReportReporter -->
<testsuite hostname="HR-47" failures="0" tests="1" name="QAclick2.seleniumTest" time="0.009" errors="0" timestamp="2022-10-11T19:54:24 IST" skipped="0">
  <testcase classname="QAclick2.seleniumTest" name="login" time="0.009"/>
  <system-out/>
</testsuite> <!-- QAclick2.seleniumTest -->
