<?xml version="1.0" encoding="UTF-8"?>
<!-- Generated by org.testng.reporters.JUnitReportReporter -->
<testsuite hostname="HR-47" failures="0" tests="1" name="QAclick2.UTTest" time="19.980" errors="0" timestamp="2022-10-19T18:33:28 IST" skipped="0">
  <testcase classname="QAclick2.UTTest" name="stratBrowser" time="19.980"/>
  <system-out/>
</testsuite> <!-- QAclick2.UTTest -->
